\BOOKMARK [0][-]{Doc-Start}{ABSTRAK}{}% 1
\BOOKMARK [0][-]{Doc-Start}{ABSTRACT}{}% 2
\BOOKMARK [0][-]{chapter*.1}{KATA\040PENGANTAR}{}% 3
\BOOKMARK [0][-]{chapter*.2}{DAFTAR\040ISI}{}% 4
\BOOKMARK [0][-]{chapter*.3}{DAFTAR\040TABEL}{}% 5
\BOOKMARK [0][-]{chapter*.4}{DAFTAR\040GAMBAR}{}% 6
\BOOKMARK [0][-]{chapter*.5}{DAFTAR\040KODE\040SUMBER}{}% 7
\BOOKMARK [0][-]{chapter.1}{PENDAHULUAN}{}% 8
\BOOKMARK [1][-]{section.1.1}{Latar\040Belakang}{chapter.1}% 9
\BOOKMARK [1][-]{section.1.2}{Rumusan\040Masalah}{chapter.1}% 10
\BOOKMARK [1][-]{section.1.3}{Batasan\040Masalah}{chapter.1}% 11
\BOOKMARK [1][-]{section.1.4}{Tujuan}{chapter.1}% 12
\BOOKMARK [1][-]{section.1.5}{Manfaat}{chapter.1}% 13
\BOOKMARK [1][-]{section.1.6}{Metodologi}{chapter.1}% 14
\BOOKMARK [2][-]{subsection.1.6.1}{Studi\040literatur}{section.1.6}% 15
\BOOKMARK [2][-]{subsection.1.6.2}{Desain\040dan\040Perancangan\040Sistem}{section.1.6}% 16
\BOOKMARK [2][-]{subsection.1.6.3}{Implementasi\040Sistem}{section.1.6}% 17
\BOOKMARK [2][-]{subsection.1.6.4}{Uji\040Coba\040dan\040Evaluasi}{section.1.6}% 18
\BOOKMARK [1][-]{section.1.7}{Sistematika\040Laporan}{chapter.1}% 19
\BOOKMARK [0][-]{chapter.2}{LANDASAN\040TEORI}{}% 20
\BOOKMARK [1][-]{section.2.1}{Python}{chapter.2}% 21
\BOOKMARK [1][-]{section.2.2}{Flask}{chapter.2}% 22
\BOOKMARK [1][-]{section.2.3}{Gunicorn}{chapter.2}% 23
\BOOKMARK [1][-]{section.2.4}{Supervisor}{chapter.2}% 24
\BOOKMARK [2][-]{subsection.2.4.1}{Supervisord}{section.2.4}% 25
\BOOKMARK [2][-]{subsection.2.4.2}{Supervisorctl}{section.2.4}% 26
\BOOKMARK [1][-]{section.2.5}{Nginx}{chapter.2}% 27
\BOOKMARK [1][-]{section.2.6}{Iptables}{chapter.2}% 28
\BOOKMARK [1][-]{section.2.7}{MySQL}{chapter.2}% 29
\BOOKMARK [1][-]{section.2.8}{Mitmproxy}{chapter.2}% 30
\BOOKMARK [1][-]{section.2.9}{VirtualBox}{chapter.2}% 31
\BOOKMARK [1][-]{section.2.10}{Docker}{chapter.2}% 32
\BOOKMARK [2][-]{subsection.2.10.1}{Docker\040Container}{section.2.10}% 33
\BOOKMARK [2][-]{subsection.2.10.2}{Docker\040Images}{section.2.10}% 34
\BOOKMARK [2][-]{subsection.2.10.3}{Docker\040Registry}{section.2.10}% 35
\BOOKMARK [0][-]{chapter.3}{DESAIN\040DAN\040PERANCANGAN}{}% 36
\BOOKMARK [1][-]{section.3.1}{Deskripsi\040Umum\040Sistem}{chapter.3}% 37
\BOOKMARK [1][-]{section.3.2}{Kasus\040Penggunaan}{chapter.3}% 38
\BOOKMARK [1][-]{section.3.3}{Arsitektur\040Sistem}{chapter.3}% 39
\BOOKMARK [2][-]{subsection.3.3.1}{Desain\040Umum\040Sistem}{section.3.3}% 40
\BOOKMARK [2][-]{subsection.3.3.2}{Pembuatan\040halaman\040login\040dari\040sebuah\040sistem.}{section.3.3}% 41
\BOOKMARK [2][-]{subsection.3.3.3}{Perancangan\040Pembuatan\040Aturan\040untuk\040Mengarahkan\040Traffic\040Client\040ke\040Halaman\040Login\040dari\040Sistem}{section.3.3}% 42
\BOOKMARK [2][-]{subsection.3.3.4}{Pembuatan\040Middleware\040untuk\040Menerima\040Permintaan\040dari\040Client}{section.3.3}% 43
\BOOKMARK [2][-]{subsection.3.3.5}{Perancangan\040Pemasangan\040Kontainer\040pada\040Docker\040Host}{section.3.3}% 44
\BOOKMARK [2][-]{subsection.3.3.6}{Pembuatan\040Aturan\040untuk\040Mengarahkan\040Traffic\040Client\040ke\040Kontainer\040Docker\040dari\040Tiap-Tiap\040Client}{section.3.3}% 45
\BOOKMARK [0][-]{chapter.4}{IMPLEMENTASI}{}% 46
\BOOKMARK [1][-]{section.4.1}{Lingkungan\040Implementasi}{chapter.4}% 47
\BOOKMARK [2][-]{subsection.4.1.1}{Perangkat\040Keras}{section.4.1}% 48
\BOOKMARK [2][-]{subsection.4.1.2}{Perangkat\040Lunak}{section.4.1}% 49
\BOOKMARK [1][-]{section.4.2}{Implementasi\040Pembuatan\040Aturan\040untuk\040Mengarahkan\040Traffic\040Client\040ke\040Halaman\040Login\040dari\040Sistem}{chapter.4}% 50
\BOOKMARK [1][-]{section.4.3}{Implementasi\040Pembuatan\040Halaman\040Login}{chapter.4}% 51
\BOOKMARK [1][-]{section.4.4}{Implementasi\040Middleware}{chapter.4}% 52
\BOOKMARK [2][-]{subsection.4.4.1}{Implementasi\040Basis\040Data}{section.4.4}% 53
\BOOKMARK [2][-]{subsection.4.4.2}{Implementasi\040Web\040Service}{section.4.4}% 54
\BOOKMARK [2][-]{subsection.4.4.3}{Pseduocode\040Web\040Service}{section.4.4}% 55
\BOOKMARK [1][-]{section.4.5}{Implementasi\040Pemasangan\040Kontainer\040Docker\040pada\040Docker\040Host}{chapter.4}% 56
\BOOKMARK [2][-]{subsection.4.5.1}{Menambahkan\040dan\040Memperbarui\040Kontainer\040Docker\040yang\040Berisikan\040Mitmproxy}{section.4.5}% 57
\BOOKMARK [2][-]{subsection.4.5.2}{Menggunakan\040Image\040Kontainer\040Docker\040yang\040Sudah\040Dibuat}{section.4.5}% 58
\BOOKMARK [1][-]{section.4.6}{Implementasi\040Pembuatan\040Aturan\040untuk\040Mengarahkan\040Traffic\040Client\040ke\040Kontainer\040Docker\040dari\040Tiap-Tiap\040Client}{chapter.4}% 59
\BOOKMARK [0][-]{chapter.5}{PENGUJIAN\040DAN\040EVALUASI}{}% 60
\BOOKMARK [1][-]{section.5.1}{Lingkungan\040Uji\040Coba}{chapter.5}% 61
\BOOKMARK [1][-]{section.5.2}{Skenario\040Uji\040Coba}{chapter.5}% 62
\BOOKMARK [2][-]{subsection.5.2.1}{Skenario\040Uji\040Fungsionalitas}{section.5.2}% 63
\BOOKMARK [2][-]{subsection.5.2.2}{Skenario\040Uji\040Performa}{section.5.2}% 64
\BOOKMARK [1][-]{section.5.3}{Hasil\040Uji\040Coba\040dan\040Evaluasi}{chapter.5}% 65
\BOOKMARK [2][-]{subsection.5.3.1}{Uji\040Fungsionalitas}{section.5.3}% 66
\BOOKMARK [2][-]{subsection.5.3.2}{Uji\040Performa}{section.5.3}% 67
\BOOKMARK [0][-]{chapter.6}{PENUTUP}{}% 68
\BOOKMARK [1][-]{section.6.1}{Kesimpulan}{chapter.6}% 69
\BOOKMARK [1][-]{section.6.2}{Saran}{chapter.6}% 70
\BOOKMARK [0][-]{chapter*.25}{DAFTAR\040PUSTAKA}{}% 71
\BOOKMARK [0][-]{appendix.A}{File\040Konfigurasi}{}% 72
\BOOKMARK [1][-]{section.A.1}{File\040Konfigurasi\040Collectd}{appendix.A}% 73
\BOOKMARK [1][-]{section.A.2}{File\040Konfigurasi\040InfluxDB}{appendix.A}% 74
\BOOKMARK [1][-]{section.A.3}{File\040Inventory\040Ansible}{appendix.A}% 75
\BOOKMARK [0][-]{appendix.B}{Kode\040Sumber}{}% 76
\BOOKMARK [1][-]{section.B.1}{Web\040Service}{appendix.B}% 77
\BOOKMARK [0][-]{appendix*.26}{BIODATA\040PENULIS}{}% 78
